{"timestamp": "2026-01-17T14:48:11.586552", "client_ip": "192.168.1.104", "endpoint": "/api/test", "error_type": "ValueError", "error_message": "Test error for trace logging", "traceback": "Traceback (most recent call last):\n  File \"C:\\Users\\Japan\\OneDrive\\Documents\\GitHub\\sponsorscope_trae\\test_platform_resistance.py\", line 234, in test_error_logging\n    raise ValueError(\"Test error for trace logging\")\nValueError: Test error for trace logging\n", "context": {"test_context": "error_trace_logging"}, "stack_trace": ["  File \"C:\\Users\\Japan\\OneDrive\\Documents\\GitHub\\sponsorscope_trae\\test_platform_resistance.py\", line 464, in <module>\n    exit_code = asyncio.run(main())\n", "  File \"C:\\Users\\Japan\\AppData\\Local\\Programs\\Python\\Python313\\Lib\\asyncio\\runners.py\", line 195, in run\n    return runner.run(main)\n", "  File \"C:\\Users\\Japan\\AppData\\Local\\Programs\\Python\\Python313\\Lib\\asyncio\\runners.py\", line 118, in run\n    return self._loop.run_until_complete(task)\n", "  File \"C:\\Users\\Japan\\AppData\\Local\\Programs\\Python\\Python313\\Lib\\asyncio\\base_events.py\", line 712, in run_until_complete\n    self.run_forever()\n", "  File \"C:\\Users\\Japan\\AppData\\Local\\Programs\\Python\\Python313\\Lib\\asyncio\\base_events.py\", line 683, in run_forever\n    self._run_once()\n", "  File \"C:\\Users\\Japan\\AppData\\Local\\Programs\\Python\\Python313\\Lib\\asyncio\\base_events.py\", line 2042, in _run_once\n    handle._run()\n", "  File \"C:\\Users\\Japan\\AppData\\Local\\Programs\\Python\\Python313\\Lib\\asyncio\\events.py\", line 89, in _run\n    self._context.run(self._callback, *self._args)\n", "  File \"C:\\Users\\Japan\\OneDrive\\Documents\\GitHub\\sponsorscope_trae\\test_platform_resistance.py\", line 445, in main\n    report = await tester.run_all_tests()\n", "  File \"C:\\Users\\Japan\\OneDrive\\Documents\\GitHub\\sponsorscope_trae\\test_platform_resistance.py\", line 403, in run_all_tests\n    await self.test_error_logging()\n", "  File \"C:\\Users\\Japan\\OneDrive\\Documents\\GitHub\\sponsorscope_trae\\test_platform_resistance.py\", line 236, in test_error_logging\n    resistance_logger.log_error_trace(\n"]}
{"timestamp": "2026-01-17T14:50:18.806409", "client_ip": "192.168.1.104", "endpoint": "/api/test", "error_type": "ValueError", "error_message": "Test error for trace logging", "traceback": "Traceback (most recent call last):\n  File \"C:\\Users\\Japan\\OneDrive\\Documents\\GitHub\\sponsorscope_trae\\test_platform_resistance.py\", line 234, in test_error_logging\n    raise ValueError(\"Test error for trace logging\")\nValueError: Test error for trace logging\n", "context": {"test_context": "error_trace_logging"}, "stack_trace": ["  File \"C:\\Users\\Japan\\OneDrive\\Documents\\GitHub\\sponsorscope_trae\\test_platform_resistance.py\", line 464, in <module>\n    exit_code = asyncio.run(main())\n", "  File \"C:\\Users\\Japan\\AppData\\Local\\Programs\\Python\\Python313\\Lib\\asyncio\\runners.py\", line 195, in run\n    return runner.run(main)\n", "  File \"C:\\Users\\Japan\\AppData\\Local\\Programs\\Python\\Python313\\Lib\\asyncio\\runners.py\", line 118, in run\n    return self._loop.run_until_complete(task)\n", "  File \"C:\\Users\\Japan\\AppData\\Local\\Programs\\Python\\Python313\\Lib\\asyncio\\base_events.py\", line 712, in run_until_complete\n    self.run_forever()\n", "  File \"C:\\Users\\Japan\\AppData\\Local\\Programs\\Python\\Python313\\Lib\\asyncio\\base_events.py\", line 683, in run_forever\n    self._run_once()\n", "  File \"C:\\Users\\Japan\\AppData\\Local\\Programs\\Python\\Python313\\Lib\\asyncio\\base_events.py\", line 2042, in _run_once\n    handle._run()\n", "  File \"C:\\Users\\Japan\\AppData\\Local\\Programs\\Python\\Python313\\Lib\\asyncio\\events.py\", line 89, in _run\n    self._context.run(self._callback, *self._args)\n", "  File \"C:\\Users\\Japan\\OneDrive\\Documents\\GitHub\\sponsorscope_trae\\test_platform_resistance.py\", line 445, in main\n    report = await tester.run_all_tests()\n", "  File \"C:\\Users\\Japan\\OneDrive\\Documents\\GitHub\\sponsorscope_trae\\test_platform_resistance.py\", line 403, in run_all_tests\n    await self.test_error_logging()\n", "  File \"C:\\Users\\Japan\\OneDrive\\Documents\\GitHub\\sponsorscope_trae\\test_platform_resistance.py\", line 236, in test_error_logging\n    resistance_logger.log_error_trace(\n"]}
{"timestamp": "2026-01-17T14:52:10.947484", "client_ip": "192.168.1.104", "endpoint": "/api/test", "error_type": "ValueError", "error_message": "Test error for trace logging", "traceback": "Traceback (most recent call last):\n  File \"C:\\Users\\Japan\\OneDrive\\Documents\\GitHub\\sponsorscope_trae\\test_platform_resistance.py\", line 234, in test_error_logging\n    raise ValueError(\"Test error for trace logging\")\nValueError: Test error for trace logging\n", "context": {"test_context": "error_trace_logging"}, "stack_trace": ["  File \"C:\\Users\\Japan\\OneDrive\\Documents\\GitHub\\sponsorscope_trae\\test_platform_resistance.py\", line 464, in <module>\n    exit_code = asyncio.run(main())\n", "  File \"C:\\Users\\Japan\\AppData\\Local\\Programs\\Python\\Python313\\Lib\\asyncio\\runners.py\", line 195, in run\n    return runner.run(main)\n", "  File \"C:\\Users\\Japan\\AppData\\Local\\Programs\\Python\\Python313\\Lib\\asyncio\\runners.py\", line 118, in run\n    return self._loop.run_until_complete(task)\n", "  File \"C:\\Users\\Japan\\AppData\\Local\\Programs\\Python\\Python313\\Lib\\asyncio\\base_events.py\", line 712, in run_until_complete\n    self.run_forever()\n", "  File \"C:\\Users\\Japan\\AppData\\Local\\Programs\\Python\\Python313\\Lib\\asyncio\\base_events.py\", line 683, in run_forever\n    self._run_once()\n", "  File \"C:\\Users\\Japan\\AppData\\Local\\Programs\\Python\\Python313\\Lib\\asyncio\\base_events.py\", line 2042, in _run_once\n    handle._run()\n", "  File \"C:\\Users\\Japan\\AppData\\Local\\Programs\\Python\\Python313\\Lib\\asyncio\\events.py\", line 89, in _run\n    self._context.run(self._callback, *self._args)\n", "  File \"C:\\Users\\Japan\\OneDrive\\Documents\\GitHub\\sponsorscope_trae\\test_platform_resistance.py\", line 445, in main\n    report = await tester.run_all_tests()\n", "  File \"C:\\Users\\Japan\\OneDrive\\Documents\\GitHub\\sponsorscope_trae\\test_platform_resistance.py\", line 403, in run_all_tests\n    await self.test_error_logging()\n", "  File \"C:\\Users\\Japan\\OneDrive\\Documents\\GitHub\\sponsorscope_trae\\test_platform_resistance.py\", line 236, in test_error_logging\n    resistance_logger.log_error_trace(\n"]}
